#
# There is insufficient memory for the Java Runtime Environment to continue.
# Native memory allocation (malloc) failed to allocate 1747216 bytes for Chunk::new
# Possible reasons:
#   The system is out of physical RAM or swap space
#   In 32 bit mode, the process size limit was hit
# Possible solutions:
#   Reduce memory load on the system
#   Increase physical memory or swap space
#   Check if swap backing store is full
#   Use 64 bit Java on a 64 bit OS
#   Decrease Java heap size (-Xmx/-Xms)
#   Decrease number of Java threads
#   Decrease Java thread stack sizes (-Xss)
#   Set larger code cache with -XX:ReservedCodeCacheSize=
# This output file may be truncated or incomplete.
#
#  Out of Memory Error (allocation.cpp:390), pid=16736, tid=16816
#
# JRE version: Java(TM) SE Runtime Environment (8.0_20-b26) (build 1.8.0_20-b26)
# Java VM: Java HotSpot(TM) 64-Bit Server VM (25.20-b23 mixed mode windows-amd64 compressed oops)
# Failed to write core dump. Minidumps are not enabled by default on client versions of Windows
#

---------------  T H R E A D  ---------------

Current thread (0x0000000056878800):  JavaThread "C2 CompilerThread1" daemon [_thread_in_native, id=16816, stack(0x0000000056fc0000,0x00000000570c0000)]

Stack: [0x0000000056fc0000,0x00000000570c0000]
Native frames: (J=compiled Java code, j=interpreted, Vv=VM code, C=native code)
V  [jvm.dll+0x3152fa]
V  [jvm.dll+0x265d03]
V  [jvm.dll+0x266943]
V  [jvm.dll+0x25e265]
V  [jvm.dll+0xbe255]
V  [jvm.dll+0xbe6fc]
V  [jvm.dll+0x45c472]
V  [jvm.dll+0x49d76f]
V  [jvm.dll+0x451438]
V  [jvm.dll+0x452634]
V  [jvm.dll+0x435fc2]
V  [jvm.dll+0x97b62]
V  [jvm.dll+0x98353]
V  [jvm.dll+0x22aac4]
V  [jvm.dll+0x283f5a]
C  [msvcr100.dll+0x21d9f]
C  [msvcr100.dll+0x21e3b]
C  [kernel32.dll+0x159ed]
C  [ntdll.dll+0x2c541]


Current CompileTask:
C2:   1513 1286   !   4       com.android.dx.cf.cst.ConstantPoolParser::parse0 (731 bytes)


---------------  P R O C E S S  ---------------

Java Threads: ( => current thread )
  0x000000005535f000 JavaThread "Service Thread" daemon [_thread_blocked, id=16824, stack(0x00000000572c0000,0x00000000573c0000)]
  0x000000005687c000 JavaThread "C1 CompilerThread2" daemon [_thread_blocked, id=16820, stack(0x0000000057150000,0x0000000057250000)]
=>0x0000000056878800 JavaThread "C2 CompilerThread1" daemon [_thread_in_native, id=16816, stack(0x0000000056fc0000,0x00000000570c0000)]
  0x0000000056871000 JavaThread "C2 CompilerThread0" daemon [_thread_in_native, id=16812, stack(0x0000000056e20000,0x0000000056f20000)]
  0x0000000056870800 JavaThread "Attach Listener" daemon [_thread_blocked, id=16808, stack(0x0000000056d20000,0x0000000056e20000)]
  0x0000000055351800 JavaThread "Signal Dispatcher" daemon [_thread_blocked, id=16804, stack(0x0000000056490000,0x0000000056590000)]
  0x00000000552f6000 JavaThread "Finalizer" daemon [_thread_blocked, id=16800, stack(0x0000000056770000,0x0000000056870000)]
  0x00000000552ed000 JavaThread "Reference Handler" daemon [_thread_blocked, id=16796, stack(0x0000000056650000,0x0000000056750000)]
  0x0000000002568000 JavaThread "main" [_thread_blocked, id=16772, stack(0x00000000027e0000,0x00000000028e0000)]

Other Threads:
  0x00000000552e7800 VMThread [stack: 0x0000000056370000,0x0000000056470000] [id=16792]
  0x00000000568f0000 WatcherThread [stack: 0x00000000574e0000,0x00000000575e0000] [id=16828]

VM state:at safepoint (normal execution)

VM Mutex/Monitor currently owned by a thread:  ([mutex/lock_event])
[0x00000000023ede60] Threads_lock - owner thread: 0x00000000552e7800
[0x00000000023ee360] Heap_lock - owner thread: 0x0000000002568000

Heap:
 PSYoungGen      total 36864K, used 36832K [0x00000000eab00000, 0x00000000ef300000, 0x0000000100000000)
  eden space 31744K, 100% used [0x00000000eab00000,0x00000000eca00000,0x00000000eca00000)
  from space 5120K, 99% used [0x00000000eca00000,0x00000000ecef8048,0x00000000ecf00000)
  to   space 5120K, 99% used [0x00000000eee00000,0x00000000ef2facf8,0x00000000ef300000)
 ParOldGen       total 84992K, used 5420K [0x00000000c0000000, 0x00000000c5300000, 0x00000000eab00000)
  object space 84992K, 6% used [0x00000000c0000000,0x00000000c054b080,0x00000000c5300000)
 Metaspace       used 5732K, capacity 7024K, committed 7296K, reserved 1056768K
  class space    used 551K, capacity 616K, committed 640K, reserved 1048576K

Card table byte_map: [0x0000000011f70000,0x0000000012180000] byte_map_base: 0x0000000011970000

Marking Bits: (ParMarkBitMap*) 0x000000006fd7b460
 Begin Bits: [0x0000000012760000, 0x0000000013760000)
 End Bits:   [0x0000000013760000, 0x0000000014760000)

Polling page: 0x0000000000430000

CodeCache: size=245760Kb used=5699Kb max_used=5699Kb free=240060Kb
 bounds [0x0000000002bb0000, 0x0000000003150000, 0x0000000011bb0000]
 total_blobs=1695 nmethods=1435 adapters=174
 compilation: enabled

Compilation events (10 events):
Event: 1.355 Thread 0x000000005687c000 1442       1       com.android.dx.cf.code.ByteCatchList$Item::getEndPc (5 bytes)
Event: 1.355 Thread 0x000000005687c000 nmethod 1442 0x00000000031410d0 code [0x0000000003141220, 0x0000000003141330]
Event: 1.358 Thread 0x000000005687c000 1443       1       com.android.dx.rop.cst.TypedConstant::getFrameType (2 bytes)
Event: 1.358 Thread 0x000000005687c000 nmethod 1443 0x0000000003141390 code [0x00000000031414e0, 0x00000000031415f0]
Event: 1.358 Thread 0x000000005687c000 1444       2       com.android.dx.cf.code.Simulator$SimVisitor::visitBranch (341 bytes)
Event: 1.359 Thread 0x000000005687c000 nmethod 1444 0x0000000003141650 code [0x0000000003141860, 0x0000000003141fc8]
Event: 1.362 Thread 0x000000005687c000 1445       1       com.android.dx.ssa.SsaInsn::isNormalMoveInsn (2 bytes)
Event: 1.362 Thread 0x000000005687c000 nmethod 1445 0x0000000003142610 code [0x0000000003142760, 0x0000000003142870]
Event: 1.362 Thread 0x000000005687c000 1446       1       com.android.dx.ssa.MoveParamCombiner$1::visitPhiInsn (1 bytes)
Event: 1.362 Thread 0x000000005687c000 nmethod 1446 0x00000000031428d0 code [0x0000000003142a20, 0x0000000003142b30]

GC Heap History (2 events):
Event: 1.044 GC heap before
{Heap before GC invocations=1 (full 0):
 PSYoungGen      total 36864K, used 31744K [0x00000000eab00000, 0x00000000ed400000, 0x0000000100000000)
  eden space 31744K, 100% used [0x00000000eab00000,0x00000000eca00000,0x00000000eca00000)
  from space 5120K, 0% used [0x00000000ecf00000,0x00000000ecf00000,0x00000000ed400000)
  to   space 5120K, 0% used [0x00000000eca00000,0x00000000eca00000,0x00000000ecf00000)
 ParOldGen       total 84992K, used 0K [0x00000000c0000000, 0x00000000c5300000, 0x00000000eab00000)
  object space 84992K, 0% used [0x00000000c0000000,0x00000000c0000000,0x00000000c5300000)
 Metaspace       used 5637K, capacity 6960K, committed 7040K, reserved 1056768K
  class space    used 550K, capacity 616K, committed 640K, reserved 1048576K
Event: 1.118 GC heap after
Heap after GC invocations=1 (full 0):
 PSYoungGen      total 36864K, used 5088K [0x00000000eab00000, 0x00000000ef300000, 0x0000000100000000)
  eden space 31744K, 0% used [0x00000000eab00000,0x00000000eab00000,0x00000000eca00000)
  from space 5120K, 99% used [0x00000000eca00000,0x00000000ecef8048,0x00000000ecf00000)
  to   space 5120K, 0% used [0x00000000eee00000,0x00000000eee00000,0x00000000ef300000)
 ParOldGen       total 84992K, used 1477K [0x00000000c0000000, 0x00000000c5300000, 0x00000000eab00000)
  object space 84992K, 1% used [0x00000000c0000000,0x00000000c0171770,0x00000000c5300000)
 Metaspace       used 5637K, capacity 6960K, committed 7040K, reserved 1056768K
  class space    used 550K, capacity 616K, committed 640K, reserved 1048576K
}

Deoptimization events (8 events):
Event: 0.553 Thread 0x0000000002568000 Uncommon trap: reason=class_check action=maybe_recompile pc=0x0000000002e5c3a0 method=com.android.dx.ssa.NormalSsaInsn.accept(Lcom/android/dx/ssa/SsaInsn$Visitor;)V @ 9
Event: 0.553 Thread 0x0000000002568000 Uncommon trap: reason=class_check action=maybe_recompile pc=0x0000000002e5c3a0 method=com.android.dx.ssa.NormalSsaInsn.accept(Lcom/android/dx/ssa/SsaInsn$Visitor;)V @ 9
Event: 1.008 Thread 0x0000000002568000 Uncommon trap: reason=unreached action=reinterpret pc=0x0000000002d4c004 method=com.android.dx.rop.cst.Constant.compareTo(Lcom/android/dx/rop/cst/Constant;)I @ 12
Event: 1.008 Thread 0x0000000002568000 Uncommon trap: reason=bimorphic action=maybe_recompile pc=0x0000000002e5e394 method=java.util.HashMap.getNode(ILjava/lang/Object;)Ljava/util/HashMap$Node; @ 126
Event: 1.008 Thread 0x0000000002568000 Uncommon trap: reason=bimorphic action=maybe_recompile pc=0x0000000002e5e394 method=java.util.HashMap.getNode(ILjava/lang/Object;)Ljava/util/HashMap$Node; @ 126
Event: 1.009 Thread 0x0000000002568000 Uncommon trap: reason=bimorphic action=maybe_recompile pc=0x0000000002e5e394 method=java.util.HashMap.getNode(ILjava/lang/Object;)Ljava/util/HashMap$Node; @ 126
Event: 1.009 Thread 0x0000000002568000 Uncommon trap: reason=bimorphic action=maybe_recompile pc=0x0000000002e5e394 method=java.util.HashMap.getNode(ILjava/lang/Object;)Ljava/util/HashMap$Node; @ 126
Event: 1.223 Thread 0x0000000002568000 Uncommon trap: reason=null_check action=make_not_entrant pc=0x0000000002f52414 method=com.android.dx.rop.type.Type.equals(Ljava/lang/Object;)Z @ 8

Internal exceptions (10 events):
Event: 0.546 Thread 0x0000000002568000 Exception <a 'java/security/PrivilegedActionException'> (0x00000000eb5f9150) thrown at [D:\re\workspace\8-2-build-windows-amd64-cygwin\jdk8u20\1074\hotspot\src\share\vm\prims\jvm.cpp, line 1275]
Event: 0.554 Thread 0x0000000002568000 Exception <a 'java/security/PrivilegedActionException'> (0x00000000eb6206e0) thrown at [D:\re\workspace\8-2-build-windows-amd64-cygwin\jdk8u20\1074\hotspot\src\share\vm\prims\jvm.cpp, line 1275]
Event: 0.611 Thread 0x0000000002568000 Exception <a 'java/security/PrivilegedActionException'> (0x00000000eb73c438) thrown at [D:\re\workspace\8-2-build-windows-amd64-cygwin\jdk8u20\1074\hotspot\src\share\vm\prims\jvm.cpp, line 1275]
Event: 0.625 Thread 0x0000000002568000 Exception <a 'java/security/PrivilegedActionException'> (0x00000000eb7bb290) thrown at [D:\re\workspace\8-2-build-windows-amd64-cygwin\jdk8u20\1074\hotspot\src\share\vm\prims\jvm.cpp, line 1275]
Event: 0.956 Thread 0x0000000002568000 Exception <a 'java/security/PrivilegedActionException'> (0x00000000ec3c4da8) thrown at [D:\re\workspace\8-2-build-windows-amd64-cygwin\jdk8u20\1074\hotspot\src\share\vm\prims\jvm.cpp, line 1275]
Event: 0.958 Thread 0x0000000002568000 Exception <a 'java/security/PrivilegedActionException'> (0x00000000ec3cf0e8) thrown at [D:\re\workspace\8-2-build-windows-amd64-cygwin\jdk8u20\1074\hotspot\src\share\vm\prims\jvm.cpp, line 1275]
Event: 0.958 Thread 0x0000000002568000 Exception <a 'java/security/PrivilegedActionException'> (0x00000000ec3d18d8) thrown at [D:\re\workspace\8-2-build-windows-amd64-cygwin\jdk8u20\1074\hotspot\src\share\vm\prims\jvm.cpp, line 1275]
Event: 1.003 Thread 0x0000000002568000 Exception <a 'java/security/PrivilegedActionException'> (0x00000000ec7820a0) thrown at [D:\re\workspace\8-2-build-windows-amd64-cygwin\jdk8u20\1074\hotspot\src\share\vm\prims\jvm.cpp, line 1275]
Event: 1.223 Thread 0x0000000002568000 Implicit null exception at 0x0000000002f52312 to 0x0000000002f52405
Event: 1.266 Thread 0x0000000002568000 Exception <a 'java/security/PrivilegedActionException'> (0x00000000eb493710) thrown at [D:\re\workspace\8-2-build-windows-amd64-cygwin\jdk8u20\1074\hotspot\src\share\vm\prims\jvm.cpp, line 1275]

Events (10 events):
Event: 1.013 loading class java/util/DualPivotQuicksort done
Event: 1.044 Executing VM operation: ParallelGCFailedAllocation
Event: 1.118 Executing VM operation: ParallelGCFailedAllocation done
Event: 1.196 loading class sun/misc/Cleaner
Event: 1.196 loading class sun/misc/Cleaner done
Event: 1.223 Thread 0x0000000002568000 Uncommon trap: trap_request=0xfffffff4 fr.pc=0x0000000002f52414
Event: 1.223 Thread 0x0000000002568000 DEOPT PACKING pc=0x0000000002f52414 sp=0x00000000028de150
Event: 1.223 Thread 0x0000000002568000 DEOPT UNPACKING pc=0x0000000002bf556a sp=0x00000000028de0d8 mode 2
Event: 1.266 loading class com/android/dx/cf/attrib/AttExceptions
Event: 1.266 loading class com/android/dx/cf/attrib/AttExceptions done


Dynamic libraries:
0x000000013fe30000 - 0x000000013fe64000 	C:\Program Files\Java\jdk1.8.0_20\bin\java.exe
0x0000000077490000 - 0x0000000077639000 	C:\Windows\SYSTEM32\ntdll.dll
0x0000000077370000 - 0x000000007748f000 	C:\Windows\system32\kernel32.dll
0x000007fefd360000 - 0x000007fefd3cc000 	C:\Windows\system32\KERNELBASE.dll
0x000007fefd6d0000 - 0x000007fefd7ab000 	C:\Windows\system32\ADVAPI32.dll
0x000007fefed30000 - 0x000007fefedcf000 	C:\Windows\system32\msvcrt.dll
0x000007fefd690000 - 0x000007fefd6af000 	C:\Windows\SYSTEM32\sechost.dll
0x000007fefe880000 - 0x000007fefe9ad000 	C:\Windows\system32\RPCRT4.dll
0x0000000077270000 - 0x000000007736a000 	C:\Windows\system32\USER32.dll
0x000007feff660000 - 0x000007feff6c7000 	C:\Windows\system32\GDI32.dll
0x000007fefe870000 - 0x000007fefe87e000 	C:\Windows\system32\LPK.dll
0x000007feff6d0000 - 0x000007feff799000 	C:\Windows\system32\USP10.dll
0x000007fefc2b0000 - 0x000007fefc4a4000 	C:\Windows\WinSxS\amd64_microsoft.windows.common-controls_6595b64144ccf1df_6.0.7601.17514_none_fa396087175ac9ac\COMCTL32.dll
0x000007fefd610000 - 0x000007fefd681000 	C:\Windows\system32\SHLWAPI.dll
0x000007fefd7b0000 - 0x000007fefd7de000 	C:\Windows\system32\IMM32.DLL
0x000007fefec20000 - 0x000007fefed29000 	C:\Windows\system32\MSCTF.dll
0x000007fefd180000 - 0x000007fefd1c0000 	C:\Windows\system32\nvinitx.dll
0x000000005b300000 - 0x000000005b3d2000 	C:\Program Files\Java\jdk1.8.0_20\jre\bin\msvcr100.dll
0x000000006f5a0000 - 0x000000006fdf8000 	C:\Program Files\Java\jdk1.8.0_20\jre\bin\server\jvm.dll
0x000007fefb2a0000 - 0x000007fefb2a9000 	C:\Windows\system32\WSOCK32.dll
0x000007feff490000 - 0x000007feff4dd000 	C:\Windows\system32\WS2_32.dll
0x000007fefe860000 - 0x000007fefe868000 	C:\Windows\system32\NSI.dll
0x000007fefb940000 - 0x000007fefb97b000 	C:\Windows\system32\WINMM.dll
0x0000000077650000 - 0x0000000077657000 	C:\Windows\system32\PSAPI.DLL
0x0000000071340000 - 0x000000007134f000 	C:\Program Files\Java\jdk1.8.0_20\jre\bin\verify.dll
0x000000006c0c0000 - 0x000000006c0e8000 	C:\Program Files\Java\jdk1.8.0_20\jre\bin\java.dll
0x000000006db80000 - 0x000000006db96000 	C:\Program Files\Java\jdk1.8.0_20\jre\bin\zip.dll
0x000007fefd7e0000 - 0x000007fefe569000 	C:\Windows\system32\SHELL32.dll
0x000007fefea10000 - 0x000007fefec13000 	C:\Windows\system32\ole32.dll
0x000007fefd260000 - 0x000007fefd26f000 	C:\Windows\system32\profapi.dll
0x000007fed4e30000 - 0x000007fed4f55000 	C:\Windows\system32\dbghelp.dll

VM Arguments:
jvm_args: -Xmx1024M -Dfile.encoding=windows-1252 -Duser.country=US -Duser.language=en -Duser.variant 
java_command: com.android.dx.command.Main --dex --output C:\Users\SESA300553\AndroidStudioProjects\Brewski\app\build\intermediates\dex\debug C:\Users\SESA300553\AndroidStudioProjects\Brewski\app\build\intermediates\classes\debug C:\Users\SESA300553\AndroidStudioProjects\Brewski\app\build\intermediates\pre-dexed\debug\support-annotations-22.0.0-05ee41e2eba27bdbf0dcd744e317f3737453b39f.jar C:\Users\SESA300553\AndroidStudioProjects\Brewski\app\build\intermediates\pre-dexed\debug\internal_impl-22.0.0-d7d72fe8a132a0dd3f9a05b11095d3a518cb752a.jar C:\Users\SESA300553\AndroidStudioProjects\Brewski\app\build\intermediates\pre-dexed\debug\classes-5109141bb2ab485450f642f674d87dae8d32a6ba.jar C:\Users\SESA300553\AndroidStudioProjects\Brewski\app\build\intermediates\pre-dexed\debug\classes-1088ec8f40b509048aabe7bb63299e9bb797e27e.jar
java_class_path (initial): C:\Users\SESA300553\AppData\Local\Android\sdk\build-tools\22.0.1\lib\dx.jar
Launcher Type: SUN_STANDARD

Environment Variables:
JAVA_HOME=C:\Program Files\Java\jdk1.8.0_20
PATH=C:\Program Files (x86)\Intel\iCLS Client\;C:\Program Files\Intel\iCLS Client\;C:\ProgramData\Oracle\Java\javapath;C:\Windows\system32;C:\Windows;C:\Windows\System32\Wbem;c:\Program Files\WIDCOMM\Bluetooth Software\;c:\Program Files\WIDCOMM\Bluetooth Software\syswow64;C:\Program Files\Intel\WiFi\bin\;C:\Program Files\Common Files\Intel\WirelessCommon\;C:\Program Files (x86)\Git\cmd;C:\Program Files\nodejs\;C:\Program Files (x86)\Windows Kits\8.1\Windows Performance Toolkit\;C:\Program Files\Microsoft SQL Server\110\Tools\Binn\;C:\Program Files\Microsoft\Web Platform Installer\;C:\Program Files (x86)\Microsoft SDKs\Azure\CLI\wbin;C:\Windows\System32\WindowsPowerShell\v1.0\;C:\Windows\System32\WindowsPowerShell\v1.0\;C:\Program Files\Intel\Intel(R) Management Engine Components\DAL;C:\Program Files\Intel\Intel(R) Management Engine Components\IPT;C:\Program Files (x86)\Intel\Intel(R) Management Engine Components\DAL;C:\Program Files (x86)\Intel\Intel(R) Management Engine Components\IPT;C:\Program Files (x86)\Microsoft SDKs\TypeScript\1.0\;C:\Program Files\Microsoft SQL Server\120\Tools\Binn\;C:\Program Files (x86)\1E\NomadBranch\;C:\Program Files (x86)\Skype\Phone\;C:\Users\SESA300553\AppData\Roaming\npm;C:\Users\SESA300553\AppData\Local\Box\Box Edit\
USERNAME=SESA300553
OS=Windows_NT
PROCESSOR_IDENTIFIER=Intel64 Family 6 Model 60 Stepping 3, GenuineIntel



---------------  S Y S T E M  ---------------

OS: Windows 7 , 64 bit Build 7601 Service Pack 1

CPU:total 4 (2 cores per cpu, 2 threads per core) family 6 model 60 stepping 3, cmov, cx8, fxsr, mmx, sse, sse2, sse3, ssse3, sse4.1, sse4.2, popcnt, avx, avx2, aes, clmul, erms, rtm, lzcnt, ht, tsc, tscinvbit, bmi1, bmi2

Memory: 4k page, physical 8005124k(10288k free), swap 10624708k(5072k free)

vm_info: Java HotSpot(TM) 64-Bit Server VM (25.20-b23) for windows-amd64 JRE (1.8.0_20-b26), built on Jul 30 2014 13:51:23 by "java_re" with MS VC++ 10.0 (VS2010)

time: Sun May 03 00:14:09 2015
elapsed time: 1 seconds (0d 0h 0m 1s)

